0 info it worked if it ends with ok
1 verbose cli [ 'node', '/usr/local/bin/npm', 'start' ]
2 info using npm@1.4.9
3 info using node@v0.10.28
4 error Failed to parse json
4 error Unexpected string
5 error File: /Users/artemij/Dropbox/Snapkite.com/gits/snapkite-api-server/package.json
6 error Failed to parse package.json data.
6 error package.json must be actual JSON, not just JavaScript.
6 error
6 error This is not a bug in npm.
6 error Tell the package author to fix their package.json file. JSON.parse
7 error System Darwin 13.4.0
8 error command "node" "/usr/local/bin/npm" "start"
9 error cwd /Users/artemij/Dropbox/Snapkite.com/gits/snapkite-api-server
10 error node -v v0.10.28
11 error npm -v 1.4.9
12 error file /Users/artemij/Dropbox/Snapkite.com/gits/snapkite-api-server/package.json
13 error code EJSONPARSE
14 verbose exit [ 1, true ]
